\BOOKMARK [0][-]{chapter.1}{Introduction}{}% 1
\BOOKMARK [1][-]{section.1.1}{Introduction G\351n\351rale}{chapter.1}% 2
\BOOKMARK [1][-]{section.1.2}{Probl\351matique}{chapter.1}% 3
\BOOKMARK [1][-]{section.1.3}{Diff\351rentes Approches}{chapter.1}% 4
\BOOKMARK [1][-]{section.1.4}{Organisation du Rapport}{chapter.1}% 5
\BOOKMARK [0][-]{chapter.2}{Reconnaissance d'Entit\351 Nomm\351es}{}% 6
\BOOKMARK [1][-]{section.2.1}{Vue d'Ensemble}{chapter.2}% 7
\BOOKMARK [1][-]{section.2.2}{Pr\351-Traitements}{chapter.2}% 8
\BOOKMARK [1][-]{section.2.3}{Extraction des Descripteurs}{chapter.2}% 9
\BOOKMARK [1][-]{section.2.4}{M\351thodes de Classification}{chapter.2}% 10
\BOOKMARK [2][-]{subsection.2.4.1}{Bay\351sien Na\357f}{section.2.4}% 11
\BOOKMARK [2][-]{subsection.2.4.2}{Hidden Markov Model}{section.2.4}% 12
\BOOKMARK [2][-]{subsection.2.4.3}{Conditional Random Field}{section.2.4}% 13
\BOOKMARK [0][-]{chapter.3}{Exp\351riences}{}% 14
\BOOKMARK [1][-]{section.3.1}{Corpus GENIA}{chapter.3}% 15
\BOOKMARK [1][-]{section.3.2}{S\351lection des Cat\351gories d'Entit\351s Nomm\351es}{chapter.3}% 16
\BOOKMARK [1][-]{section.3.3}{M\351thodes de Classifications Test\351es}{chapter.3}% 17
\BOOKMARK [0][-]{chapter.4}{Discussions}{}% 18
\BOOKMARK [0][-]{Annexe.1.A}{Glossaire}{}% 19
\BOOKMARK [0][-]{Annexe.1.B}{Algorithmes}{}% 20
